android/.android_build/app/intermediates/manifest_merge_blame_file/debug/processDebugMainManifest/manifest-merger-blame-debug-report.txt
1<?xml version="1.0" encoding="utf-8"?>
2<manifest xmlns:android="http://schemas.android.com/apk/res/android"
3    package="com.ubarcloan"
4    android:versionCode="6"
5    android:versionName="1.7.0" >
6
7    <uses-sdk
8        android:minSdkVersion="24"
9        android:targetSdkVersion="33" />
10
11    <uses-permission android:name="android.permission.INTERNET" />
11-->src\main\AndroidManifest.xml:4:5-67
11-->src\main\AndroidManifest.xml:4:22-64
12    <uses-permission android:name="android.permission.READ_EXTERNAL_STORAGE" />
12-->src\main\AndroidManifest.xml:5:5-80
12-->src\main\AndroidManifest.xml:5:22-77
13    <uses-permission android:name="android.permission.WRITE_EXTERNAL_STORAGE" />
13-->src\main\AndroidManifest.xml:6:5-81
13-->src\main\AndroidManifest.xml:6:22-78
14    <uses-permission android:name="android.permission.ACCESS_NETWORK_STATE" />
14-->src\main\AndroidManifest.xml:7:5-79
14-->src\main\AndroidManifest.xml:7:22-76
15    <uses-permission android:name="android.permission.WAKE_LOCK" />
15-->src\main\AndroidManifest.xml:8:5-68
15-->src\main\AndroidManifest.xml:8:22-65
16    <uses-permission android:name="android.permission.REQUEST_INSTALL_PACKAGES" />
16-->src\main\AndroidManifest.xml:9:5-83
16-->src\main\AndroidManifest.xml:9:22-80
17
18    <queries>
18-->[:react-native-webview] AndroidManifest.xml:7:5-17:15
19        <intent>
19-->[:react-native-webview] AndroidManifest.xml:8:9-10:18
20            <action android:name="org.chromium.intent.action.PAY" />
20-->[:react-native-webview] AndroidManifest.xml:9:13-69
20-->[:react-native-webview] AndroidManifest.xml:9:21-66
21        </intent>
22        <intent>
22-->[:react-native-webview] AndroidManifest.xml:11:9-13:18
23            <action android:name="org.chromium.intent.action.IS_READY_TO_PAY" />
23-->[:react-native-webview] AndroidManifest.xml:12:13-81
23-->[:react-native-webview] AndroidManifest.xml:12:21-78
24        </intent>
25        <intent>
25-->[:react-native-webview] AndroidManifest.xml:14:9-16:18
26            <action android:name="org.chromium.intent.action.UPDATE_PAYMENT_DETAILS" />
26-->[:react-native-webview] AndroidManifest.xml:15:13-88
26-->[:react-native-webview] AndroidManifest.xml:15:21-85
27        </intent>
28    </queries>
29    <!--
30    This manifest file is used only by Gradle to configure debug-only capabilities
31    for React Native Apps.
32    -->
33    <uses-permission android:name="android.permission.SYSTEM_ALERT_WINDOW" />
33-->[com.facebook.react:react-android:0.80.1] AndroidManifest.xml:16:5-78
33-->[com.facebook.react:react-android:0.80.1] AndroidManifest.xml:16:22-75
34
35    <permission
35-->[androidx.core:core:1.16.0] AndroidManifest.xml:22:5-24:47
36        android:name="com.ubarcloan.DYNAMIC_RECEIVER_NOT_EXPORTED_PERMISSION"
36-->[androidx.core:core:1.16.0] AndroidManifest.xml:23:9-81
37        android:protectionLevel="signature" />
37-->[androidx.core:core:1.16.0] AndroidManifest.xml:24:9-44
38
39    <uses-permission android:name="com.ubarcloan.DYNAMIC_RECEIVER_NOT_EXPORTED_PERMISSION" />
39-->[androidx.core:core:1.16.0] AndroidManifest.xml:26:5-97
39-->[androidx.core:core:1.16.0] AndroidManifest.xml:26:22-94
40    <uses-permission android:name="com.google.android.finsky.permission.BIND_GET_INSTALL_REFERRER_SERVICE" />
40-->[com.android.installreferrer:installreferrer:1.1.2] AndroidManifest.xml:9:5-110
40-->[com.android.installreferrer:installreferrer:1.1.2] AndroidManifest.xml:9:22-107
41
42    <application
42-->src\main\AndroidManifest.xml:11:5-31:19
43        android:name="com.ubarcloan.MainApplication"
43-->src\main\AndroidManifest.xml:12:7-38
44        android:allowBackup="false"
44-->src\main\AndroidManifest.xml:16:7-34
45        android:appComponentFactory="androidx.core.app.CoreComponentFactory"
45-->[androidx.core:core:1.16.0] AndroidManifest.xml:28:18-86
46        android:debuggable="true"
47        android:extractNativeLibs="false"
48        android:icon="@mipmap/ic_launcher"
48-->src\main\AndroidManifest.xml:14:7-41
49        android:label="@string/app_name"
49-->src\main\AndroidManifest.xml:13:7-39
50        android:roundIcon="@mipmap/ic_launcher_round"
50-->src\main\AndroidManifest.xml:15:7-52
51        android:supportsRtl="true"
51-->src\main\AndroidManifest.xml:18:7-33
52        android:theme="@style/AppTheme"
52-->src\main\AndroidManifest.xml:17:7-38
53        android:usesCleartextTraffic="true" >
53-->src\debug\AndroidManifest.xml:6:9-44
54        <activity
54-->src\main\AndroidManifest.xml:19:7-30:18
55            android:name="com.ubarcloan.MainActivity"
55-->src\main\AndroidManifest.xml:20:9-37
56            android:configChanges="keyboard|keyboardHidden|orientation|screenLayout|screenSize|smallestScreenSize|uiMode"
56-->src\main\AndroidManifest.xml:22:9-118
57            android:exported="true"
57-->src\main\AndroidManifest.xml:25:9-32
58            android:label="@string/app_name"
58-->src\main\AndroidManifest.xml:21:9-41
59            android:launchMode="singleTask"
59-->src\main\AndroidManifest.xml:23:9-40
60            android:windowSoftInputMode="adjustResize" >
60-->src\main\AndroidManifest.xml:24:9-51
61            <intent-filter>
61-->src\main\AndroidManifest.xml:26:9-29:25
62                <action android:name="android.intent.action.MAIN" />
62-->src\main\AndroidManifest.xml:27:13-65
62-->src\main\AndroidManifest.xml:27:21-62
63
64                <category android:name="android.intent.category.LAUNCHER" />
64-->src\main\AndroidManifest.xml:28:13-73
64-->src\main\AndroidManifest.xml:28:23-70
65            </intent-filter>
66        </activity>
67
68        <provider
68-->[:react-native-webview] AndroidManifest.xml:20:9-28:20
69            android:name="com.reactnativecommunity.webview.RNCWebViewFileProvider"
69-->[:react-native-webview] AndroidManifest.xml:21:13-83
70            android:authorities="com.ubarcloan.fileprovider"
70-->[:react-native-webview] AndroidManifest.xml:22:13-64
71            android:exported="false"
71-->[:react-native-webview] AndroidManifest.xml:23:13-37
72            android:grantUriPermissions="true" >
72-->[:react-native-webview] AndroidManifest.xml:24:13-47
73            <meta-data
73-->[:react-native-webview] AndroidManifest.xml:25:13-27:63
74                android:name="android.support.FILE_PROVIDER_PATHS"
74-->[:react-native-webview] AndroidManifest.xml:26:17-67
75                android:resource="@xml/file_provider_paths" />
75-->[:react-native-webview] AndroidManifest.xml:27:17-60
76        </provider>
77        <provider
77-->[:react-native-image-picker] AndroidManifest.xml:8:9-16:20
78            android:name="com.imagepicker.ImagePickerProvider"
78-->[:react-native-image-picker] AndroidManifest.xml:9:13-63
79            android:authorities="com.ubarcloan.imagepickerprovider"
79-->[:react-native-image-picker] AndroidManifest.xml:10:13-71
80            android:exported="false"
80-->[:react-native-image-picker] AndroidManifest.xml:11:13-37
81            android:grantUriPermissions="true" >
81-->[:react-native-image-picker] AndroidManifest.xml:12:13-47
82            <meta-data
82-->[:react-native-webview] AndroidManifest.xml:25:13-27:63
83                android:name="android.support.FILE_PROVIDER_PATHS"
83-->[:react-native-webview] AndroidManifest.xml:26:17-67
84                android:resource="@xml/imagepicker_provider_paths" />
84-->[:react-native-webview] AndroidManifest.xml:27:17-60
85        </provider>
86
87        <activity
87-->[com.facebook.react:react-android:0.80.1] AndroidManifest.xml:19:9-21:40
88            android:name="com.facebook.react.devsupport.DevSettingsActivity"
88-->[com.facebook.react:react-android:0.80.1] AndroidManifest.xml:20:13-77
89            android:exported="false" />
89-->[com.facebook.react:react-android:0.80.1] AndroidManifest.xml:21:13-37
90
91        <provider
91-->[androidx.emoji2:emoji2:1.3.0] AndroidManifest.xml:24:9-32:20
92            android:name="androidx.startup.InitializationProvider"
92-->[androidx.emoji2:emoji2:1.3.0] AndroidManifest.xml:25:13-67
93            android:authorities="com.ubarcloan.androidx-startup"
93-->[androidx.emoji2:emoji2:1.3.0] AndroidManifest.xml:26:13-68
94            android:exported="false" >
94-->[androidx.emoji2:emoji2:1.3.0] AndroidManifest.xml:27:13-37
95            <meta-data
95-->[androidx.emoji2:emoji2:1.3.0] AndroidManifest.xml:29:13-31:52
96                android:name="androidx.emoji2.text.EmojiCompatInitializer"
96-->[androidx.emoji2:emoji2:1.3.0] AndroidManifest.xml:30:17-75
97                android:value="androidx.startup" />
97-->[androidx.emoji2:emoji2:1.3.0] AndroidManifest.xml:31:17-49
98            <meta-data
98-->[androidx.lifecycle:lifecycle-process:2.6.2] AndroidManifest.xml:29:13-31:52
99                android:name="androidx.lifecycle.ProcessLifecycleInitializer"
99-->[androidx.lifecycle:lifecycle-process:2.6.2] AndroidManifest.xml:30:17-78
100                android:value="androidx.startup" />
100-->[androidx.lifecycle:lifecycle-process:2.6.2] AndroidManifest.xml:31:17-49
101            <meta-data
101-->[androidx.profileinstaller:profileinstaller:1.3.1] AndroidManifest.xml:29:13-31:52
102                android:name="androidx.profileinstaller.ProfileInstallerInitializer"
102-->[androidx.profileinstaller:profileinstaller:1.3.1] AndroidManifest.xml:30:17-85
103                android:value="androidx.startup" />
103-->[androidx.profileinstaller:profileinstaller:1.3.1] AndroidManifest.xml:31:17-49
104        </provider>
105
106        <receiver
106-->[androidx.profileinstaller:profileinstaller:1.3.1] AndroidManifest.xml:34:9-52:20
107            android:name="androidx.profileinstaller.ProfileInstallReceiver"
107-->[androidx.profileinstaller:profileinstaller:1.3.1] AndroidManifest.xml:35:13-76
108            android:directBootAware="false"
108-->[androidx.profileinstaller:profileinstaller:1.3.1] AndroidManifest.xml:36:13-44
109            android:enabled="true"
109-->[androidx.profileinstaller:profileinstaller:1.3.1] AndroidManifest.xml:37:13-35
110            android:exported="true"
110-->[androidx.profileinstaller:profileinstaller:1.3.1] AndroidManifest.xml:38:13-36
111            android:permission="android.permission.DUMP" >
111-->[androidx.profileinstaller:profileinstaller:1.3.1] AndroidManifest.xml:39:13-57
112            <intent-filter>
112-->[androidx.profileinstaller:profileinstaller:1.3.1] AndroidManifest.xml:40:13-42:29
113                <action android:name="androidx.profileinstaller.action.INSTALL_PROFILE" />
113-->[androidx.profileinstaller:profileinstaller:1.3.1] AndroidManifest.xml:41:17-91
113-->[androidx.profileinstaller:profileinstaller:1.3.1] AndroidManifest.xml:41:25-88
114            </intent-filter>
115            <intent-filter>
115-->[androidx.profileinstaller:profileinstaller:1.3.1] AndroidManifest.xml:43:13-45:29
116                <action android:name="androidx.profileinstaller.action.SKIP_FILE" />
116-->[androidx.profileinstaller:profileinstaller:1.3.1] AndroidManifest.xml:44:17-85
116-->[androidx.profileinstaller:profileinstaller:1.3.1] AndroidManifest.xml:44:25-82
117            </intent-filter>
118            <intent-filter>
118-->[androidx.profileinstaller:profileinstaller:1.3.1] AndroidManifest.xml:46:13-48:29
119                <action android:name="androidx.profileinstaller.action.SAVE_PROFILE" />
119-->[androidx.profileinstaller:profileinstaller:1.3.1] AndroidManifest.xml:47:17-88
119-->[androidx.profileinstaller:profileinstaller:1.3.1] AndroidManifest.xml:47:25-85
120            </intent-filter>
121            <intent-filter>
121-->[androidx.profileinstaller:profileinstaller:1.3.1] AndroidManifest.xml:49:13-51:29
122                <action android:name="androidx.profileinstaller.action.BENCHMARK_OPERATION" />
122-->[androidx.profileinstaller:profileinstaller:1.3.1] AndroidManifest.xml:50:17-95
122-->[androidx.profileinstaller:profileinstaller:1.3.1] AndroidManifest.xml:50:25-92
123            </intent-filter>
124        </receiver>
125
126        <meta-data
126-->[com.facebook.soloader:soloader:0.12.1] AndroidManifest.xml:12:9-14:37
127            android:name="com.facebook.soloader.enabled"
127-->[com.facebook.soloader:soloader:0.12.1] AndroidManifest.xml:13:13-57
128            android:value="false" />
128-->[com.facebook.soloader:soloader:0.12.1] AndroidManifest.xml:14:13-34
129    </application>
130
131</manifest>